{"total": {"lines":{"total":51,"covered":41,"skipped":0,"pct":80.39},"statements":{"total":55,"covered":45,"skipped":0,"pct":81.81},"functions":{"total":15,"covered":13,"skipped":0,"pct":86.66},"branches":{"total":41,"covered":16,"skipped":0,"pct":39.02},"branchesTrue":{"total":0,"covered":0,"skipped":0,"pct":"Unknown"}}
,"/Users/olli/Documents/Personal/react-use-scripts/src/index.ts": {"lines":{"total":51,"covered":41,"skipped":0,"pct":80.39},"functions":{"total":15,"covered":13,"skipped":0,"pct":86.66},"statements":{"total":55,"covered":45,"skipped":0,"pct":81.81},"branches":{"total":41,"covered":16,"skipped":0,"pct":39.02}}
}
