TN:
SF:src/index.ts
FN:33,(anonymous_0)
FN:44,useScript
FN:66,(anonymous_2)
FN:70,(anonymous_3)
FN:74,(anonymous_4)
FN:78,(anonymous_5)
FN:79,(anonymous_6)
FN:84,(anonymous_7)
FN:85,(anonymous_8)
FN:95,(anonymous_9)
FN:97,(anonymous_10)
FN:115,(anonymous_11)
FN:132,(anonymous_12)
FN:135,(anonymous_13)
FN:154,(anonymous_14)
FNF:15
FNH:15
FNDA:7,(anonymous_0)
FNDA:19,useScript
FNDA:8,(anonymous_2)
FNDA:8,(anonymous_3)
FNDA:10,(anonymous_4)
FNDA:6,(anonymous_5)
FNDA:6,(anonymous_6)
FNDA:3,(anonymous_7)
FNDA:3,(anonymous_8)
FNDA:12,(anonymous_9)
FNDA:8,(anonymous_10)
FNDA:5,(anonymous_11)
FNDA:8,(anonymous_12)
FNDA:4,(anonymous_13)
FNDA:4,(anonymous_14)
DA:33,1
DA:37,7
DA:38,7
DA:39,3
DA:55,19
DA:56,19
DA:61,19
DA:62,19
DA:63,19
DA:66,19
DA:67,8
DA:70,19
DA:71,8
DA:74,19
DA:75,10
DA:78,19
DA:79,6
DA:80,6
DA:83,19
DA:85,3
DA:86,3
DA:92,19
DA:95,19
DA:96,12
DA:97,8
DA:98,8
DA:99,8
DA:101,7
DA:102,1
DA:105,7
DA:106,6
DA:109,7
DA:111,7
DA:112,7
DA:115,7
DA:117,7
DA:119,7
DA:121,7
DA:123,7
DA:126,1
DA:129,1
DA:132,8
DA:135,4
DA:151,19
DA:154,1
DA:174,4
DA:188,4
DA:189,2
DA:192,2
DA:193,1
DA:196,1
LF:51
LH:51
BRDA:37,0,0,7
BRDA:37,0,1,0
BRDA:50,1,0,0
BRDA:51,2,0,0
BRDA:52,3,0,0
BRDA:53,4,0,13
BRDA:92,5,0,19
BRDA:92,5,1,19
BRDA:92,5,2,4
BRDA:92,5,3,4
BRDA:96,6,0,8
BRDA:96,6,1,4
BRDA:96,7,0,12
BRDA:96,7,1,12
BRDA:96,7,2,11
BRDA:101,8,0,1
BRDA:101,8,1,6
BRDA:101,9,0,7
BRDA:101,9,1,1
BRDA:105,10,0,6
BRDA:105,10,1,1
BRDA:105,11,0,7
BRDA:105,11,1,6
BRDA:111,12,0,7
BRDA:111,12,1,0
BRDA:123,13,0,1
BRDA:123,13,1,6
BRDA:123,14,0,7
BRDA:123,14,1,1
BRDA:162,15,0,4
BRDA:163,16,0,4
BRDA:164,17,0,0
BRDA:165,18,0,4
BRDA:188,19,0,2
BRDA:188,19,1,2
BRDA:188,20,0,4
BRDA:188,20,1,2
BRDA:192,21,0,1
BRDA:192,21,1,1
BRDA:192,22,0,2
BRDA:192,22,1,1
BRF:41
BRH:35
end_of_record
