TN:
SF:src/index.ts
FN:33,(anonymous_0)
FN:44,useScript
FN:66,(anonymous_2)
FN:70,(anonymous_3)
FN:74,(anonymous_4)
FN:78,(anonymous_5)
FN:79,(anonymous_6)
FN:84,(anonymous_7)
FN:85,(anonymous_8)
FN:95,(anonymous_9)
FN:97,(anonymous_10)
FN:115,(anonymous_11)
FN:132,(anonymous_12)
FN:135,(anonymous_13)
FN:154,(anonymous_14)
FNF:15
FNH:13
FNDA:2,(anonymous_0)
FNDA:4,useScript
FNDA:2,(anonymous_2)
FNDA:2,(anonymous_3)
FNDA:2,(anonymous_4)
FNDA:1,(anonymous_5)
FNDA:1,(anonymous_6)
FNDA:1,(anonymous_7)
FNDA:1,(anonymous_8)
FNDA:2,(anonymous_9)
FNDA:2,(anonymous_10)
FNDA:1,(anonymous_11)
FNDA:2,(anonymous_12)
FNDA:0,(anonymous_13)
FNDA:0,(anonymous_14)
DA:33,1
DA:37,2
DA:38,2
DA:39,2
DA:55,4
DA:56,4
DA:61,4
DA:62,4
DA:63,4
DA:66,4
DA:67,2
DA:70,4
DA:71,2
DA:74,4
DA:75,2
DA:78,4
DA:79,1
DA:80,1
DA:83,4
DA:85,1
DA:86,1
DA:92,4
DA:95,4
DA:96,2
DA:97,2
DA:98,2
DA:99,2
DA:101,2
DA:102,0
DA:105,2
DA:106,2
DA:109,2
DA:111,2
DA:112,2
DA:115,2
DA:117,2
DA:119,2
DA:121,2
DA:123,2
DA:126,0
DA:129,0
DA:132,2
DA:135,0
DA:151,4
DA:154,1
DA:174,0
DA:188,0
DA:189,0
DA:192,0
DA:193,0
DA:196,0
LF:51
LH:41
BRDA:37,0,0,2
BRDA:37,0,1,0
BRDA:50,1,0,0
BRDA:51,2,0,0
BRDA:52,3,0,0
BRDA:53,4,0,4
BRDA:92,5,0,4
BRDA:92,5,1,4
BRDA:92,5,2,0
BRDA:92,5,3,0
BRDA:96,6,0,2
BRDA:96,6,1,0
BRDA:96,7,0,2
BRDA:96,7,1,2
BRDA:96,7,2,2
BRDA:101,8,0,0
BRDA:101,8,1,2
BRDA:101,9,0,2
BRDA:101,9,1,0
BRDA:105,10,0,2
BRDA:105,10,1,0
BRDA:105,11,0,2
BRDA:105,11,1,2
BRDA:111,12,0,2
BRDA:111,12,1,0
BRDA:123,13,0,0
BRDA:123,13,1,2
BRDA:123,14,0,2
BRDA:123,14,1,0
BRDA:162,15,0,0
BRDA:163,16,0,0
BRDA:164,17,0,0
BRDA:165,18,0,0
BRDA:188,19,0,0
BRDA:188,19,1,0
BRDA:188,20,0,0
BRDA:188,20,1,0
BRDA:192,21,0,0
BRDA:192,21,1,0
BRDA:192,22,0,0
BRDA:192,22,1,0
BRF:41
BRH:16
end_of_record
